<?xml version="1.0" encoding="UTF-8"?>
<!-- Generated by org.testng.reporters.JUnitXMLReporter -->
<testsuite ignored="0" hostname="LAPTOP-7D7BGSAC" failures="0" tests="2" name="Default test" time="0.074" errors="0" timestamp="2021-11-02T13:14:40 IST">
  <testcase classname="FacebookVerification.FBverify" name="@BeforeTest launchBrowser" time="-1.635839080526E9">
    <failure type="org.testng.TestNGException" message="
Parameter &amp;apos;browser&amp;apos; is required by BeforeTest on method launchBrowser but has not been marked @Optional or defined
in C:\Users\Asus\AppData\Local\Temp\testng-eclipse-1366980201\testng-customsuite.xml">
      <![CDATA[org.testng.TestNGException: 
Parameter 'browser' is required by BeforeTest on method launchBrowser but has not been marked @Optional or defined
in C:\Users\Asus\AppData\Local\Temp\testng-eclipse-1366980201\testng-customsuite.xml
at org.testng.internal.Parameters.createParams(Parameters.java:270)
at org.testng.internal.Parameters.createParametersForMethod(Parameters.java:358)
at org.testng.internal.Parameters.createParameters(Parameters.java:700)
at org.testng.internal.Parameters.createConfigurationParameters(Parameters.java:168)
at org.testng.internal.ConfigInvoker.invokeConfigurations(ConfigInvoker.java:302)
at org.testng.TestRunner.invokeTestConfigurations(TestRunner.java:637)
at org.testng.TestRunner.beforeRun(TestRunner.java:627)
at org.testng.TestRunner.run(TestRunner.java:589)
at org.testng.SuiteRunner.runTest(SuiteRunner.java:377)
at org.testng.SuiteRunner.runSequentially(SuiteRunner.java:371)
at org.testng.SuiteRunner.privateRun(SuiteRunner.java:332)
at org.testng.SuiteRunner.run(SuiteRunner.java:276)
at org.testng.SuiteRunnerWorker.runSuite(SuiteRunnerWorker.java:53)
at org.testng.SuiteRunnerWorker.run(SuiteRunnerWorker.java:96)
at org.testng.TestNG.runSuitesSequentially(TestNG.java:1212)
at org.testng.TestNG.runSuitesLocally(TestNG.java:1134)
at org.testng.TestNG.runSuites(TestNG.java:1063)
at org.testng.TestNG.run(TestNG.java:1031)
at org.testng.remote.AbstractRemoteTestNG.run(AbstractRemoteTestNG.java:115)
at org.testng.remote.RemoteTestNG.initAndRun(RemoteTestNG.java:251)
at org.testng.remote.RemoteTestNG.main(RemoteTestNG.java:77)
]]>
    </failure>
  </testcase> <!-- @BeforeTest launchBrowser -->
  <testcase classname="FacebookVerification.FBverify" name="@BeforeClass beforeClass" time="-1.635839080553E9">
    <skipped/>
  </testcase> <!-- @BeforeClass beforeClass -->
  <testcase classname="FacebookVerification.FBverify" name="@BeforeMethod beforeMethod" time="-1.635839080571E9">
    <skipped/>
  </testcase> <!-- @BeforeMethod beforeMethod -->
  <testcase classname="FacebookVerification.FBverify" name="@AfterMethod Aftermethod" time="-1.635839080581E9">
    <skipped/>
  </testcase> <!-- @AfterMethod Aftermethod -->
  <testcase classname="FacebookVerification.FBverify" name="@BeforeMethod beforeMethod" time="-1.635839080583E9">
    <skipped/>
  </testcase> <!-- @BeforeMethod beforeMethod -->
  <testcase classname="FacebookVerification.FBverify" name="@AfterMethod Aftermethod" time="-1.635839080588E9">
    <skipped/>
  </testcase> <!-- @AfterMethod Aftermethod -->
  <testcase classname="FacebookVerification.FBverify" name="@AfterClass afterClass" time="-1.63583908059E9">
    <skipped/>
  </testcase> <!-- @AfterClass afterClass -->
  <testcase classname="FacebookVerification.FBverify" name="@AfterTest afterTest" time="-1.635839080594E9">
    <skipped/>
  </testcase> <!-- @AfterTest afterTest -->
  <testcase classname="FacebookVerification.FBverify" name="testA" time="0.0">
    <skipped/>
  </testcase> <!-- testA -->
  <testcase classname="FacebookVerification.FBverify" name="testB" time="0.0">
    <skipped/>
  </testcase> <!-- testB -->
</testsuite> <!-- Default test -->
