<?xml version="1.0" encoding="UTF-8"?>
<!-- Generated by org.testng.reporters.JUnitXMLReporter -->
<testsuite ignored="0" hostname="LAPTOP-7D7BGSAC" failures="0" tests="2" name="TestFB" time="0.084" errors="0" timestamp="2021-11-01T22:36:42 IST">
  <testcase classname="FacebookVerification.FBverify" name="@BeforeTest launchBrowser" time="-1.635786402291E9">
    <failure type="org.testng.TestNGException" message="
Can inject only one of &amp;lt;ITestContext, XmlTest&amp;gt; into a @BeforeTest annotated launchBrowser.
For more information on native dependency injection please refer to https://testng.org/doc/documentation-main.html#native-dependency-injection">
      <![CDATA[org.testng.TestNGException: 
Can inject only one of <ITestContext, XmlTest> into a @BeforeTest annotated launchBrowser.
For more information on native dependency injection please refer to https://testng.org/doc/documentation-main.html#native-dependency-injection
... Removed 21 stack frames]]>
    </failure>
  </testcase> <!-- @BeforeTest launchBrowser -->
  <testcase classname="FacebookVerification.FBverify" name="@BeforeClass beforeClass" time="-1.635786402333E9">
    <skipped/>
  </testcase> <!-- @BeforeClass beforeClass -->
  <testcase classname="FacebookVerification.FBverify" name="@BeforeMethod beforeMethod" time="-1.635786402349E9">
    <skipped/>
  </testcase> <!-- @BeforeMethod beforeMethod -->
  <testcase classname="FacebookVerification.FBverify" name="@AfterMethod Aftermethod" time="-1.635786402357E9">
    <skipped/>
  </testcase> <!-- @AfterMethod Aftermethod -->
  <testcase classname="FacebookVerification.FBverify" name="@BeforeMethod beforeMethod" time="-1.635786402359E9">
    <skipped/>
  </testcase> <!-- @BeforeMethod beforeMethod -->
  <testcase classname="FacebookVerification.FBverify" name="@AfterMethod Aftermethod" time="-1.635786402363E9">
    <skipped/>
  </testcase> <!-- @AfterMethod Aftermethod -->
  <testcase classname="FacebookVerification.FBverify" name="@AfterClass afterClass" time="-1.635786402365E9">
    <skipped/>
  </testcase> <!-- @AfterClass afterClass -->
  <testcase classname="FacebookVerification.FBverify" name="testA" time="0.0">
    <skipped/>
  </testcase> <!-- testA -->
  <testcase classname="FacebookVerification.FBverify" name="testB" time="0.0">
    <skipped/>
  </testcase> <!-- testB -->
</testsuite> <!-- TestFB -->
